[17:41:02] Connecting to secure node...
[17:41:04] Connection established.
[17:41:06] Downloading incident reports...
[17:41:09] ALERT: Unauthorized access detected.
[17:41:12] Deploying countermeasures...
[17:41:15] Status: escalating...
[17:41:18] WARNING: Multiple breach attempts detected
[17:41:21] Initiating emergency protocols...
[17:41:24] System lockdown in progress...
[17:41:27] CRITICAL: Database integrity compromised
[17:41:30] Backup systems activated
[17:41:33] Security team notified
[17:41:36] Forensic analysis started
[17:41:39] ERROR: Connection timeout to backup server
[17:41:42] Attempting failover procedures...
[17:41:45] SUCCESS: Backup connection established
[17:41:48] Data synchronization in progress
[17:41:51] ALERT: New threat vector identified
[17:41:54] Updating firewall rules...
[17:41:57] Threat neutralized
[17:42:00] System status: STABLE
[17:42:03] Incident report generated
[17:42:06] All systems operational
